[INFO ] 2025-06-27 21:55:34.698 [main] Utils - [TestNG] Running:
  C:\Users\ems11\OneDrive\Desktop\Team01_Sweet Debugger\Team01_SweetDebugger\testng.xml

[INFO ] 2025-06-27 21:55:34.743 [main] LoggerLoad - firefox is Running
[WARN ] 2025-06-27 21:55:43.879 [main] Utils - The test method 'io.cucumber.testng.AbstractTestNGCucumberTests.runScenario' will be skipped since its data provider 'scenarios' returned an empty array or iterator. 
[INFO ] 2025-06-27 21:55:43.932 [main] LoggerLoad - edge is Running
[WARN ] 2025-06-27 21:55:43.946 [main] Utils - The test method 'io.cucumber.testng.AbstractTestNGCucumberTests.runScenario' will be skipped since its data provider 'scenarios' returned an empty array or iterator. 
[INFO ] 2025-06-27 21:55:43.958 [main] LoggerLoad - chrome is Running
[WARN ] 2025-06-27 21:55:43.971 [main] Utils - The test method 'io.cucumber.testng.AbstractTestNGCucumberTests.runScenario' will be skipped since its data provider 'scenarios' returned an empty array or iterator. 
[INFO ] 2025-06-27 23:31:44.245 [main] LoggerLoad - Browser is closed
[INFO ] 2025-06-28 00:05:44.812 [main] LoggerLoad - Browser is closed
[INFO ] 2025-06-28 00:27:33.680 [main] LoggerLoad - Browser is closed
[INFO ] 2025-06-28 00:28:13.633 [main] LoggerLoad - Browser is closed
[INFO ] 2025-06-28 01:00:26.014 [main] LoggerLoad - Browser is closed
[INFO ] 2025-06-28 01:06:56.533 [main] LoggerLoad - Browser is closed
[INFO ] 2025-06-28 01:07:00.911 [main] LoggerLoad - Browser is closed
[INFO ] 2025-06-28 01:07:03.838 [main] LoggerLoad - Browser is closed
[INFO ] 2025-06-28 01:07:06.964 [main] LoggerLoad - Browser is closed
[INFO ] 2025-06-28 01:07:09.733 [main] LoggerLoad - Browser is closed
[INFO ] 2025-06-28 01:07:12.617 [main] LoggerLoad - Browser is closed
[INFO ] 2025-06-28 01:14:09.044 [main] LoggerLoad - Screenshot saved to: C:\Users\ems11\OneDrive\Desktop\Team01_Sweet Debugger\Team01_SweetDebugger\screenshots\Verify login form header is displayed.png
[INFO ] 2025-06-28 01:14:09.273 [main] LoggerLoad - Screenshot captured for failed scenario: Verify login form header is displayed
[INFO ] 2025-06-28 01:14:09.273 [main] LoggerLoad - Browser is closed
[INFO ] 2025-06-28 01:14:12.475 [main] LoggerLoad - Screenshot saved to: C:\Users\ems11\OneDrive\Desktop\Team01_Sweet Debugger\Team01_SweetDebugger\screenshots\Verify login form header is displayed.png
[INFO ] 2025-06-28 01:14:12.735 [main] LoggerLoad - Screenshot captured for failed scenario: Verify login form header is displayed
[INFO ] 2025-06-28 01:14:12.736 [main] LoggerLoad - Browser is closed
[INFO ] 2025-06-28 01:14:15.703 [main] LoggerLoad - Screenshot saved to: C:\Users\ems11\OneDrive\Desktop\Team01_Sweet Debugger\Team01_SweetDebugger\screenshots\Verify login form header is displayed.png
[INFO ] 2025-06-28 01:14:16.002 [main] LoggerLoad - Screenshot captured for failed scenario: Verify login form header is displayed
[INFO ] 2025-06-28 01:14:16.010 [main] LoggerLoad - Browser is closed
[INFO ] 2025-06-28 01:14:19.114 [main] LoggerLoad - Screenshot saved to: C:\Users\ems11\OneDrive\Desktop\Team01_Sweet Debugger\Team01_SweetDebugger\screenshots\Verify login form header is displayed.png
[INFO ] 2025-06-28 01:14:19.367 [main] LoggerLoad - Screenshot captured for failed scenario: Verify login form header is displayed
[INFO ] 2025-06-28 01:14:19.367 [main] LoggerLoad - Browser is closed
[INFO ] 2025-06-28 01:14:22.516 [main] LoggerLoad - Screenshot saved to: C:\Users\ems11\OneDrive\Desktop\Team01_Sweet Debugger\Team01_SweetDebugger\screenshots\Verify login form header is displayed.png
[INFO ] 2025-06-28 01:14:22.768 [main] LoggerLoad - Screenshot captured for failed scenario: Verify login form header is displayed
[INFO ] 2025-06-28 01:14:22.769 [main] LoggerLoad - Browser is closed
[INFO ] 2025-06-28 01:14:26.973 [main] LoggerLoad - Screenshot saved to: C:\Users\ems11\OneDrive\Desktop\Team01_Sweet Debugger\Team01_SweetDebugger\screenshots\Verify login form header is displayed.png
[INFO ] 2025-06-28 01:14:27.443 [main] LoggerLoad - Screenshot captured for failed scenario: Verify login form header is displayed
[INFO ] 2025-06-28 01:14:27.443 [main] LoggerLoad - Browser is closed
[INFO ] 2025-06-28 01:20:04.818 [main] LoggerLoad - Screenshot saved to: C:\Users\ems11\OneDrive\Desktop\Team01_Sweet Debugger\Team01_SweetDebugger\screenshots\Verify login form header is displayed.png
[INFO ] 2025-06-28 01:20:05.052 [main] LoggerLoad - Screenshot captured for failed scenario: Verify login form header is displayed
[INFO ] 2025-06-28 01:20:05.052 [main] LoggerLoad - Browser is closed
[INFO ] 2025-06-28 01:20:09.096 [main] LoggerLoad - Screenshot saved to: C:\Users\ems11\OneDrive\Desktop\Team01_Sweet Debugger\Team01_SweetDebugger\screenshots\Verify login form header is displayed.png
[INFO ] 2025-06-28 01:20:09.380 [main] LoggerLoad - Screenshot captured for failed scenario: Verify login form header is displayed
[INFO ] 2025-06-28 01:20:09.380 [main] LoggerLoad - Browser is closed
[INFO ] 2025-06-28 01:20:12.550 [main] LoggerLoad - Screenshot saved to: C:\Users\ems11\OneDrive\Desktop\Team01_Sweet Debugger\Team01_SweetDebugger\screenshots\Verify login form header is displayed.png
[INFO ] 2025-06-28 01:20:12.827 [main] LoggerLoad - Screenshot captured for failed scenario: Verify login form header is displayed
[INFO ] 2025-06-28 01:20:12.827 [main] LoggerLoad - Browser is closed
[INFO ] 2025-06-28 01:20:16.483 [main] LoggerLoad - Screenshot saved to: C:\Users\ems11\OneDrive\Desktop\Team01_Sweet Debugger\Team01_SweetDebugger\screenshots\Verify login form header is displayed.png
[INFO ] 2025-06-28 01:20:16.740 [main] LoggerLoad - Screenshot captured for failed scenario: Verify login form header is displayed
[INFO ] 2025-06-28 01:20:16.740 [main] LoggerLoad - Browser is closed
[INFO ] 2025-06-28 01:20:20.726 [main] LoggerLoad - Screenshot saved to: C:\Users\ems11\OneDrive\Desktop\Team01_Sweet Debugger\Team01_SweetDebugger\screenshots\Verify login form header is displayed.png
[INFO ] 2025-06-28 01:20:20.979 [main] LoggerLoad - Screenshot captured for failed scenario: Verify login form header is displayed
[INFO ] 2025-06-28 01:20:20.979 [main] LoggerLoad - Browser is closed
[INFO ] 2025-06-28 01:20:26.040 [main] LoggerLoad - Screenshot saved to: C:\Users\ems11\OneDrive\Desktop\Team01_Sweet Debugger\Team01_SweetDebugger\screenshots\Verify login form header is displayed.png
[INFO ] 2025-06-28 01:20:26.515 [main] LoggerLoad - Screenshot captured for failed scenario: Verify login form header is displayed
[INFO ] 2025-06-28 01:20:26.515 [main] LoggerLoad - Browser is closed
[INFO ] 2025-06-28 01:24:14.269 [main] LoggerLoad - Screenshot saved to: C:\Users\ems11\OneDrive\Desktop\Team01_Sweet Debugger\Team01_SweetDebugger\screenshots\Verify login form header is displayed.png
[INFO ] 2025-06-28 01:24:14.501 [main] LoggerLoad - Screenshot captured for failed scenario: Verify login form header is displayed
[INFO ] 2025-06-28 01:24:14.502 [main] LoggerLoad - Browser is closed
[INFO ] 2025-06-28 01:24:18.685 [main] LoggerLoad - Screenshot saved to: C:\Users\ems11\OneDrive\Desktop\Team01_Sweet Debugger\Team01_SweetDebugger\screenshots\Verify login form header is displayed.png
[INFO ] 2025-06-28 01:24:19.000 [main] LoggerLoad - Screenshot captured for failed scenario: Verify login form header is displayed
[INFO ] 2025-06-28 01:24:19.000 [main] LoggerLoad - Browser is closed
[INFO ] 2025-06-28 01:24:24.172 [main] LoggerLoad - Screenshot saved to: C:\Users\ems11\OneDrive\Desktop\Team01_Sweet Debugger\Team01_SweetDebugger\screenshots\Verify login form header is displayed.png
[INFO ] 2025-06-28 01:24:24.415 [main] LoggerLoad - Screenshot captured for failed scenario: Verify login form header is displayed
[INFO ] 2025-06-28 01:24:24.415 [main] LoggerLoad - Browser is closed
[INFO ] 2025-06-28 01:24:27.466 [main] LoggerLoad - Screenshot saved to: C:\Users\ems11\OneDrive\Desktop\Team01_Sweet Debugger\Team01_SweetDebugger\screenshots\Verify login form header is displayed.png
[INFO ] 2025-06-28 01:24:27.705 [main] LoggerLoad - Screenshot captured for failed scenario: Verify login form header is displayed
[INFO ] 2025-06-28 01:24:27.705 [main] LoggerLoad - Browser is closed
[INFO ] 2025-06-28 01:24:30.833 [main] LoggerLoad - Screenshot saved to: C:\Users\ems11\OneDrive\Desktop\Team01_Sweet Debugger\Team01_SweetDebugger\screenshots\Verify login form header is displayed.png
[INFO ] 2025-06-28 01:24:31.083 [main] LoggerLoad - Screenshot captured for failed scenario: Verify login form header is displayed
[INFO ] 2025-06-28 01:24:31.083 [main] LoggerLoad - Browser is closed
[INFO ] 2025-06-28 01:24:35.946 [main] LoggerLoad - Screenshot saved to: C:\Users\ems11\OneDrive\Desktop\Team01_Sweet Debugger\Team01_SweetDebugger\screenshots\Verify login form header is displayed.png
[INFO ] 2025-06-28 01:24:36.551 [main] LoggerLoad - Screenshot captured for failed scenario: Verify login form header is displayed
[INFO ] 2025-06-28 01:24:36.553 [main] LoggerLoad - Browser is closed
[INFO ] 2025-06-28 01:35:43.269 [main] LoggerLoad - Screenshot saved to: C:\Users\ems11\OneDrive\Desktop\Team01_Sweet Debugger\Team01_SweetDebugger\screenshots\Verify login form header is displayed.png
[INFO ] 2025-06-28 01:35:43.538 [main] LoggerLoad - Screenshot captured for failed scenario: Verify login form header is displayed
[INFO ] 2025-06-28 01:35:43.762 [main] LoggerLoad - Browser is closed
[INFO ] 2025-06-28 01:35:48.602 [main] LoggerLoad - Screenshot saved to: C:\Users\ems11\OneDrive\Desktop\Team01_Sweet Debugger\Team01_SweetDebugger\screenshots\Verify login form header is displayed.png
[INFO ] 2025-06-28 01:35:48.885 [main] LoggerLoad - Screenshot captured for failed scenario: Verify login form header is displayed
[INFO ] 2025-06-28 01:35:49.081 [main] LoggerLoad - Browser is closed
[INFO ] 2025-06-28 01:35:52.444 [main] LoggerLoad - Screenshot saved to: C:\Users\ems11\OneDrive\Desktop\Team01_Sweet Debugger\Team01_SweetDebugger\screenshots\Verify login form header is displayed.png
[INFO ] 2025-06-28 01:35:52.669 [main] LoggerLoad - Screenshot captured for failed scenario: Verify login form header is displayed
[INFO ] 2025-06-28 01:35:52.880 [main] LoggerLoad - Browser is closed
[INFO ] 2025-06-28 01:35:56.398 [main] LoggerLoad - Screenshot saved to: C:\Users\ems11\OneDrive\Desktop\Team01_Sweet Debugger\Team01_SweetDebugger\screenshots\Verify login form header is displayed.png
[INFO ] 2025-06-28 01:35:56.666 [main] LoggerLoad - Screenshot captured for failed scenario: Verify login form header is displayed
[INFO ] 2025-06-28 01:35:56.877 [main] LoggerLoad - Browser is closed
[INFO ] 2025-06-28 01:36:00.574 [main] LoggerLoad - Screenshot saved to: C:\Users\ems11\OneDrive\Desktop\Team01_Sweet Debugger\Team01_SweetDebugger\screenshots\Verify login form header is displayed.png
[INFO ] 2025-06-28 01:36:00.804 [main] LoggerLoad - Screenshot captured for failed scenario: Verify login form header is displayed
[INFO ] 2025-06-28 01:36:00.981 [main] LoggerLoad - Browser is closed
[INFO ] 2025-06-28 01:36:04.472 [main] LoggerLoad - Screenshot saved to: C:\Users\ems11\OneDrive\Desktop\Team01_Sweet Debugger\Team01_SweetDebugger\screenshots\Verify login form header is displayed.png
[INFO ] 2025-06-28 01:36:04.737 [main] LoggerLoad - Screenshot captured for failed scenario: Verify login form header is displayed
[INFO ] 2025-06-28 01:36:04.945 [main] LoggerLoad - Browser is closed
[INFO ] 2025-06-28 01:38:42.557 [main] LoggerLoad - Screenshot saved to: C:\Users\ems11\OneDrive\Desktop\Team01_Sweet Debugger\Team01_SweetDebugger\screenshots\Verify login form header is displayed.png
[INFO ] 2025-06-28 01:38:42.788 [main] LoggerLoad - Screenshot captured for failed scenario: Verify login form header is displayed
[INFO ] 2025-06-28 01:38:43.016 [main] LoggerLoad - Browser is closed
[INFO ] 2025-06-28 01:38:46.724 [main] LoggerLoad - Screenshot saved to: C:\Users\ems11\OneDrive\Desktop\Team01_Sweet Debugger\Team01_SweetDebugger\screenshots\Verify login form header is displayed.png
[INFO ] 2025-06-28 01:38:46.937 [main] LoggerLoad - Screenshot captured for failed scenario: Verify login form header is displayed
[INFO ] 2025-06-28 01:38:47.148 [main] LoggerLoad - Browser is closed
[INFO ] 2025-06-28 01:38:50.886 [main] LoggerLoad - Screenshot saved to: C:\Users\ems11\OneDrive\Desktop\Team01_Sweet Debugger\Team01_SweetDebugger\screenshots\Verify login form header is displayed.png
[INFO ] 2025-06-28 01:38:51.119 [main] LoggerLoad - Screenshot captured for failed scenario: Verify login form header is displayed
[INFO ] 2025-06-28 01:38:51.348 [main] LoggerLoad - Browser is closed
[INFO ] 2025-06-28 01:38:55.332 [main] LoggerLoad - Screenshot saved to: C:\Users\ems11\OneDrive\Desktop\Team01_Sweet Debugger\Team01_SweetDebugger\screenshots\Verify login form header is displayed.png
[INFO ] 2025-06-28 01:38:55.547 [main] LoggerLoad - Screenshot captured for failed scenario: Verify login form header is displayed
[INFO ] 2025-06-28 01:38:55.793 [main] LoggerLoad - Browser is closed
[INFO ] 2025-06-28 01:38:59.255 [main] LoggerLoad - Screenshot saved to: C:\Users\ems11\OneDrive\Desktop\Team01_Sweet Debugger\Team01_SweetDebugger\screenshots\Verify login form header is displayed.png
[INFO ] 2025-06-28 01:38:59.483 [main] LoggerLoad - Screenshot captured for failed scenario: Verify login form header is displayed
[INFO ] 2025-06-28 01:38:59.702 [main] LoggerLoad - Browser is closed
[INFO ] 2025-06-28 01:39:04.313 [main] LoggerLoad - Screenshot saved to: C:\Users\ems11\OneDrive\Desktop\Team01_Sweet Debugger\Team01_SweetDebugger\screenshots\Verify login form header is displayed.png
[INFO ] 2025-06-28 01:39:04.558 [main] LoggerLoad - Screenshot captured for failed scenario: Verify login form header is displayed
[INFO ] 2025-06-28 01:39:04.823 [main] LoggerLoad - Browser is closed
[INFO ] 2025-06-28 01:47:51.641 [main] LoggerLoad - Screenshot saved to: C:\Users\ems11\OneDrive\Desktop\Team01_Sweet Debugger\Team01_SweetDebugger\screenshots\Verify login form header is displayed.png
[INFO ] 2025-06-28 01:47:51.890 [main] LoggerLoad - Screenshot captured for failed scenario: Verify login form header is displayed
[INFO ] 2025-06-28 01:47:52.123 [main] LoggerLoad - Browser is closed
[INFO ] 2025-06-28 01:47:55.725 [main] LoggerLoad - Screenshot saved to: C:\Users\ems11\OneDrive\Desktop\Team01_Sweet Debugger\Team01_SweetDebugger\screenshots\Verify login form header is displayed.png
[INFO ] 2025-06-28 01:47:55.951 [main] LoggerLoad - Screenshot captured for failed scenario: Verify login form header is displayed
[INFO ] 2025-06-28 01:47:56.149 [main] LoggerLoad - Browser is closed
[INFO ] 2025-06-28 01:47:59.956 [main] LoggerLoad - Screenshot saved to: C:\Users\ems11\OneDrive\Desktop\Team01_Sweet Debugger\Team01_SweetDebugger\screenshots\Verify login form header is displayed.png
[INFO ] 2025-06-28 01:48:00.190 [main] LoggerLoad - Screenshot captured for failed scenario: Verify login form header is displayed
[INFO ] 2025-06-28 01:48:00.405 [main] LoggerLoad - Browser is closed
[INFO ] 2025-06-28 01:48:03.331 [main] LoggerLoad - Screenshot saved to: C:\Users\ems11\OneDrive\Desktop\Team01_Sweet Debugger\Team01_SweetDebugger\screenshots\Verify login form header is displayed.png
[INFO ] 2025-06-28 01:48:03.568 [main] LoggerLoad - Screenshot captured for failed scenario: Verify login form header is displayed
[INFO ] 2025-06-28 01:48:03.744 [main] LoggerLoad - Browser is closed
[INFO ] 2025-06-28 01:48:07.797 [main] LoggerLoad - Screenshot saved to: C:\Users\ems11\OneDrive\Desktop\Team01_Sweet Debugger\Team01_SweetDebugger\screenshots\Verify login form header is displayed.png
[INFO ] 2025-06-28 01:48:08.018 [main] LoggerLoad - Screenshot captured for failed scenario: Verify login form header is displayed
[INFO ] 2025-06-28 01:48:08.220 [main] LoggerLoad - Browser is closed
[INFO ] 2025-06-28 01:48:12.633 [main] LoggerLoad - Screenshot saved to: C:\Users\ems11\OneDrive\Desktop\Team01_Sweet Debugger\Team01_SweetDebugger\screenshots\Verify login form header is displayed.png
[INFO ] 2025-06-28 01:48:12.894 [main] LoggerLoad - Screenshot captured for failed scenario: Verify login form header is displayed
[INFO ] 2025-06-28 01:48:13.107 [main] LoggerLoad - Browser is closed
[INFO ] 2025-06-28 01:50:04.617 [main] LoggerLoad - Screenshot saved to: C:\Users\ems11\OneDrive\Desktop\Team01_Sweet Debugger\Team01_SweetDebugger\screenshots\Verify login form header is displayed.png
[INFO ] 2025-06-28 01:50:04.842 [main] LoggerLoad - Screenshot captured for failed scenario: Verify login form header is displayed
[INFO ] 2025-06-28 01:50:05.048 [main] LoggerLoad - Browser is closed
[INFO ] 2025-06-28 01:56:00.480 [main] LoggerLoad - Screenshot saved to: C:\Users\ems11\OneDrive\Desktop\Team01_Sweet Debugger\Team01_SweetDebugger\screenshots\Verify login form header is displayed.png
[INFO ] 2025-06-28 01:56:00.733 [main] LoggerLoad - Screenshot captured for failed scenario: Verify login form header is displayed
[INFO ] 2025-06-28 01:56:00.976 [main] LoggerLoad - Browser is closed
[INFO ] 2025-06-28 02:05:35.634 [main] LoggerLoad - Browser is closed
[INFO ] 2025-06-28 02:07:42.945 [main] LoggerLoad - Browser is closed
[INFO ] 2025-06-28 02:12:01.126 [main] LoggerLoad - Screenshot saved to: C:\Users\ems11\OneDrive\Desktop\Team01_Sweet Debugger\Team01_SweetDebugger\screenshots\Verify login form header is displayed.png
[INFO ] 2025-06-28 02:12:01.361 [main] LoggerLoad - Screenshot captured for failed scenario: Verify login form header is displayed
[INFO ] 2025-06-28 02:12:01.560 [main] LoggerLoad - Browser is closed
[INFO ] 2025-06-28 02:25:53.190 [main] LoggerLoad - Browser is closed
[INFO ] 2025-06-28 02:27:54.609 [main] LoggerLoad - Browser is closed
[INFO ] 2025-06-28 02:30:47.451 [main] LoggerLoad - Screenshot saved to: C:\Users\ems11\OneDrive\Desktop\Team01_Sweet Debugger\Team01_SweetDebugger\screenshots\Verify login form header is displayed.png
[INFO ] 2025-06-28 02:30:47.683 [main] LoggerLoad - Screenshot captured for failed scenario: Verify login form header is displayed
[INFO ] 2025-06-28 02:30:47.868 [main] LoggerLoad - Browser is closed
[INFO ] 2025-06-28 02:33:03.212 [main] LoggerLoad - Browser is closed
[INFO ] 2025-06-28 02:34:41.547 [main] LoggerLoad - Browser is closed
[INFO ] 2025-06-28 02:34:46.283 [main] LoggerLoad - Browser is closed
[INFO ] 2025-06-28 02:34:50.652 [main] LoggerLoad - Screenshot saved to: C:\Users\ems11\OneDrive\Desktop\Team01_Sweet Debugger\Team01_SweetDebugger\screenshots\Verify login form header is displayed.png
[INFO ] 2025-06-28 02:34:50.903 [main] LoggerLoad - Screenshot captured for failed scenario: Verify login form header is displayed
[INFO ] 2025-06-28 02:34:51.088 [main] LoggerLoad - Browser is closed
[INFO ] 2025-06-28 02:34:55.838 [main] LoggerLoad - Screenshot saved to: C:\Users\ems11\OneDrive\Desktop\Team01_Sweet Debugger\Team01_SweetDebugger\screenshots\Verify login form header is displayed.png
[INFO ] 2025-06-28 02:34:56.132 [main] LoggerLoad - Screenshot captured for failed scenario: Verify login form header is displayed
[INFO ] 2025-06-28 02:34:56.317 [main] LoggerLoad - Browser is closed
[INFO ] 2025-06-28 02:34:59.780 [main] LoggerLoad - Browser is closed
[INFO ] 2025-06-28 02:35:03.458 [main] LoggerLoad - Screenshot saved to: C:\Users\ems11\OneDrive\Desktop\Team01_Sweet Debugger\Team01_SweetDebugger\screenshots\Verify login form header is displayed.png
[INFO ] 2025-06-28 02:35:03.693 [main] LoggerLoad - Screenshot captured for failed scenario: Verify login form header is displayed
[INFO ] 2025-06-28 02:35:03.905 [main] LoggerLoad - Browser is closed
[INFO ] 2025-06-28 02:38:00.949 [main] LoggerLoad - Browser is closed
[INFO ] 2025-06-28 02:38:04.371 [main] LoggerLoad - Browser is closed
[INFO ] 2025-06-28 02:38:08.191 [main] LoggerLoad - Browser is closed
[INFO ] 2025-06-28 02:38:11.817 [main] LoggerLoad - Browser is closed
[INFO ] 2025-06-28 02:38:15.478 [main] LoggerLoad - Browser is closed
[INFO ] 2025-06-28 02:38:18.759 [main] LoggerLoad - Screenshot saved to: C:\Users\ems11\OneDrive\Desktop\Team01_Sweet Debugger\Team01_SweetDebugger\screenshots\Verify login form header is displayed.png
[INFO ] 2025-06-28 02:38:19.003 [main] LoggerLoad - Screenshot captured for failed scenario: Verify login form header is displayed
[INFO ] 2025-06-28 02:38:19.205 [main] LoggerLoad - Browser is closed
[INFO ] 2025-06-28 02:38:53.524 [main] LoggerLoad - Browser is closed
[INFO ] 2025-06-28 02:38:57.032 [main] LoggerLoad - Browser is closed
[INFO ] 2025-06-28 02:39:01.393 [main] LoggerLoad - Browser is closed
[INFO ] 2025-06-28 02:39:04.564 [main] LoggerLoad - Browser is closed
[INFO ] 2025-06-28 02:39:07.706 [main] LoggerLoad - Browser is closed
[INFO ] 2025-06-28 02:39:11.088 [main] LoggerLoad - Browser is closed
[INFO ] 2025-06-28 02:39:53.678 [main] Utils - [TestNG] Running:
  C:\Users\ems11\OneDrive\Desktop\Team01_Sweet Debugger\Team01_SweetDebugger\testng.xml

[INFO ] 2025-06-28 02:39:53.743 [main] LoggerLoad - firefox is Running
[INFO ] 2025-06-28 02:40:48.915 [TestNG-PoolService-5] LoggerLoad - Screenshot saved to: C:\Users\ems11\OneDrive\Desktop\Team01_Sweet Debugger\Team01_SweetDebugger\screenshots\Verify login form header is displayed.png
[INFO ] 2025-06-28 02:40:49.102 [TestNG-PoolService-5] LoggerLoad - Screenshot captured for failed scenario: Verify login form header is displayed
[INFO ] 2025-06-28 02:40:50.605 [TestNG-PoolService-4] LoggerLoad - Screenshot saved to: C:\Users\ems11\OneDrive\Desktop\Team01_Sweet Debugger\Team01_SweetDebugger\screenshots\Verify login form header is displayed.png
[INFO ] 2025-06-28 02:40:50.695 [TestNG-PoolService-4] LoggerLoad - Screenshot captured for failed scenario: Verify login form header is displayed
[INFO ] 2025-06-28 02:40:53.425 [TestNG-PoolService-3] LoggerLoad - Screenshot saved to: C:\Users\ems11\OneDrive\Desktop\Team01_Sweet Debugger\Team01_SweetDebugger\screenshots\Verify login form header is displayed.png
[INFO ] 2025-06-28 02:40:53.634 [TestNG-PoolService-3] LoggerLoad - Screenshot captured for failed scenario: Verify login form header is displayed
[INFO ] 2025-06-28 02:40:55.640 [TestNG-PoolService-2] LoggerLoad - Screenshot saved to: C:\Users\ems11\OneDrive\Desktop\Team01_Sweet Debugger\Team01_SweetDebugger\screenshots\Verify login form header is displayed.png
[INFO ] 2025-06-28 02:40:55.825 [TestNG-PoolService-2] LoggerLoad - Screenshot captured for failed scenario: Verify login form header is displayed
[INFO ] 2025-06-28 02:40:56.371 [TestNG-PoolService-5] LoggerLoad - Browser is closed
[INFO ] 2025-06-28 02:40:56.463 [TestNG-PoolService-4] LoggerLoad - Browser is closed
[INFO ] 2025-06-28 02:40:58.120 [TestNG-PoolService-6] LoggerLoad - Screenshot saved to: C:\Users\ems11\OneDrive\Desktop\Team01_Sweet Debugger\Team01_SweetDebugger\screenshots\Verify login form header is displayed.png
[INFO ] 2025-06-28 02:40:58.242 [TestNG-PoolService-6] LoggerLoad - Screenshot captured for failed scenario: Verify login form header is displayed
[INFO ] 2025-06-28 02:40:58.277 [TestNG-PoolService-3] LoggerLoad - Browser is closed
[INFO ] 2025-06-28 02:40:59.520 [TestNG-PoolService-2] LoggerLoad - Browser is closed
[INFO ] 2025-06-28 02:41:01.367 [TestNG-PoolService-6] LoggerLoad - Browser is closed
[INFO ] 2025-06-28 02:41:05.988 [TestNG-PoolService-1] LoggerLoad - Browser is closed
[INFO ] 2025-06-28 02:41:06.251 [main] LoggerLoad - edge is Running
[INFO ] 2025-06-28 02:41:27.138 [TestNG-PoolService-5] LoggerLoad - Browser is closed
[INFO ] 2025-06-28 02:41:27.909 [TestNG-PoolService-1] LoggerLoad - Browser is closed
[INFO ] 2025-06-28 02:41:28.195 [TestNG-PoolService-3] LoggerLoad - Browser is closed
[INFO ] 2025-06-28 02:41:28.197 [TestNG-PoolService-4] LoggerLoad - Browser is closed
[INFO ] 2025-06-28 02:41:28.200 [TestNG-PoolService-6] LoggerLoad - Browser is closed
[INFO ] 2025-06-28 02:41:28.346 [TestNG-PoolService-2] LoggerLoad - Browser is closed
[INFO ] 2025-06-28 02:41:28.464 [main] LoggerLoad - chrome is Running
[INFO ] 2025-06-28 02:41:44.461 [TestNG-PoolService-1] LoggerLoad - Browser is closed
[INFO ] 2025-06-28 02:41:44.517 [TestNG-PoolService-6] LoggerLoad - Browser is closed
[INFO ] 2025-06-28 02:41:44.534 [TestNG-PoolService-5] LoggerLoad - Browser is closed
[INFO ] 2025-06-28 02:41:44.675 [TestNG-PoolService-2] LoggerLoad - Browser is closed
[INFO ] 2025-06-28 02:41:44.779 [TestNG-PoolService-4] LoggerLoad - Browser is closed
[INFO ] 2025-06-28 02:41:45.575 [TestNG-PoolService-3] LoggerLoad - Browser is closed
[INFO ] 2025-06-28 02:44:11.076 [main] Utils - [TestNG] Running:
  C:\Users\ems11\OneDrive\Desktop\Team01_Sweet Debugger\Team01_SweetDebugger\testng.xml

[INFO ] 2025-06-28 02:44:11.114 [main] LoggerLoad - firefox is Running
[INFO ] 2025-06-28 02:44:41.878 [TestNG-PoolService-2] LoggerLoad - Browser is closed
[INFO ] 2025-06-28 02:44:42.085 [TestNG-PoolService-6] LoggerLoad - Browser is closed
[INFO ] 2025-06-28 02:44:42.085 [TestNG-PoolService-5] LoggerLoad - Browser is closed
[INFO ] 2025-06-28 02:44:42.146 [TestNG-PoolService-1] LoggerLoad - Browser is closed
[INFO ] 2025-06-28 02:44:42.335 [TestNG-PoolService-3] LoggerLoad - Browser is closed
[INFO ] 2025-06-28 02:44:42.779 [TestNG-PoolService-4] LoggerLoad - Browser is closed
[INFO ] 2025-06-28 02:44:43.243 [main] LoggerLoad - edge is Running
[INFO ] 2025-06-28 02:45:02.692 [TestNG-PoolService-1] LoggerLoad - Browser is closed
[INFO ] 2025-06-28 02:45:02.726 [TestNG-PoolService-6] LoggerLoad - Browser is closed
[INFO ] 2025-06-28 02:45:02.751 [TestNG-PoolService-3] LoggerLoad - Browser is closed
[INFO ] 2025-06-28 02:45:02.892 [TestNG-PoolService-2] LoggerLoad - Browser is closed
[INFO ] 2025-06-28 02:45:03.040 [TestNG-PoolService-4] LoggerLoad - Browser is closed
[INFO ] 2025-06-28 02:45:03.163 [TestNG-PoolService-5] LoggerLoad - Browser is closed
[INFO ] 2025-06-28 02:45:03.268 [main] LoggerLoad - chrome is Running
[INFO ] 2025-06-28 02:45:17.060 [TestNG-PoolService-1] LoggerLoad - Browser is closed
[INFO ] 2025-06-28 02:45:17.088 [TestNG-PoolService-5] LoggerLoad - Browser is closed
[INFO ] 2025-06-28 02:45:17.121 [TestNG-PoolService-6] LoggerLoad - Browser is closed
[INFO ] 2025-06-28 02:45:17.130 [TestNG-PoolService-3] LoggerLoad - Browser is closed
[INFO ] 2025-06-28 02:45:17.227 [TestNG-PoolService-4] LoggerLoad - Browser is closed
[INFO ] 2025-06-28 02:45:17.456 [TestNG-PoolService-2] LoggerLoad - Browser is closed
[INFO ] 2025-06-28 02:58:51.770 [main] LoggerLoad - Browser is closed
[INFO ] 2025-06-28 02:58:55.784 [main] LoggerLoad - Browser is closed
[INFO ] 2025-06-28 02:58:59.521 [main] LoggerLoad - Browser is closed
[INFO ] 2025-06-28 02:59:02.965 [main] LoggerLoad - Browser is closed
[INFO ] 2025-06-28 02:59:06.276 [main] LoggerLoad - Browser is closed
[INFO ] 2025-06-28 02:59:10.102 [main] LoggerLoad - Browser is closed
[INFO ] 2025-06-28 02:59:13.625 [main] LoggerLoad - Screenshot saved to: C:\Users\ems11\OneDrive\Desktop\Team01_Sweet Debugger\Team01_SweetDebugger\screenshots\Verify login form header is displayed.png
[INFO ] 2025-06-28 02:59:13.969 [main] LoggerLoad - Screenshot captured for failed scenario: Verify login form header is displayed
[INFO ] 2025-06-28 02:59:14.216 [main] LoggerLoad - Browser is closed
[INFO ] 2025-06-28 03:01:41.571 [main] LoggerLoad - Browser is closed
[INFO ] 2025-06-28 03:01:44.800 [main] LoggerLoad - Browser is closed
[INFO ] 2025-06-28 03:01:48.305 [main] LoggerLoad - Browser is closed
[INFO ] 2025-06-28 03:01:51.576 [main] LoggerLoad - Browser is closed
[INFO ] 2025-06-28 03:01:54.871 [main] LoggerLoad - Browser is closed
[INFO ] 2025-06-28 03:01:58.125 [main] LoggerLoad - Browser is closed
[INFO ] 2025-06-28 03:02:01.925 [main] LoggerLoad - Screenshot saved to: C:\Users\ems11\OneDrive\Desktop\Team01_Sweet Debugger\Team01_SweetDebugger\screenshots\Verify login form header is displayed.png
[INFO ] 2025-06-28 03:02:02.167 [main] LoggerLoad - Screenshot captured for failed scenario: Verify login form header is displayed
[INFO ] 2025-06-28 03:02:02.369 [main] LoggerLoad - Browser is closed
[INFO ] 2025-06-28 03:09:15.407 [main] LoggerLoad - Browser is closed
[INFO ] 2025-06-28 03:09:19.692 [main] LoggerLoad - Browser is closed
[INFO ] 2025-06-28 03:09:24.223 [main] LoggerLoad - Browser is closed
[INFO ] 2025-06-28 03:09:27.831 [main] LoggerLoad - Browser is closed
[INFO ] 2025-06-28 03:09:31.834 [main] LoggerLoad - Browser is closed
[INFO ] 2025-06-28 03:09:35.637 [main] LoggerLoad - Browser is closed
[INFO ] 2025-06-28 03:09:38.941 [main] LoggerLoad - Browser is closed
[INFO ] 2025-06-28 03:09:42.536 [main] LoggerLoad - Browser is closed
[INFO ] 2025-06-28 03:09:47.150 [main] LoggerLoad - Browser is closed
[INFO ] 2025-06-28 03:09:50.758 [main] LoggerLoad - Browser is closed
[INFO ] 2025-06-28 03:23:50.267 [main] LoggerLoad - Browser is closed
[INFO ] 2025-06-28 03:39:51.597 [main] LoggerLoad - Browser is closed
[INFO ] 2025-06-28 03:39:56.332 [main] LoggerLoad - Browser is closed
[INFO ] 2025-06-28 03:45:04.016 [main] LoggerLoad - Browser is closed
[INFO ] 2025-06-28 03:45:10.214 [main] LoggerLoad - Browser is closed
[INFO ] 2025-06-28 03:52:59.652 [main] LoggerLoad - Browser is closed
[INFO ] 2025-06-28 03:53:03.529 [main] LoggerLoad - Screenshot saved to: C:\Users\ems11\OneDrive\Desktop\Team01_Sweet Debugger\Team01_SweetDebugger\screenshots\Verify email input field.png
[INFO ] 2025-06-28 03:53:03.822 [main] LoggerLoad - Screenshot captured for failed scenario: Verify email input field
[INFO ] 2025-06-28 03:53:04.008 [main] LoggerLoad - Browser is closed
[INFO ] 2025-06-28 03:57:46.474 [main] LoggerLoad - Browser is closed
[INFO ] 2025-06-28 03:57:50.662 [main] LoggerLoad - Screenshot saved to: C:\Users\ems11\OneDrive\Desktop\Team01_Sweet Debugger\Team01_SweetDebugger\screenshots\Verify email input field.png
[INFO ] 2025-06-28 03:57:50.940 [main] LoggerLoad - Screenshot captured for failed scenario: Verify email input field
[INFO ] 2025-06-28 03:57:51.135 [main] LoggerLoad - Browser is closed
[INFO ] 2025-06-28 03:58:52.885 [main] LoggerLoad - Browser is closed
[INFO ] 2025-06-28 03:58:56.492 [main] LoggerLoad - Browser is closed
[INFO ] 2025-06-28 04:08:51.081 [main] LoggerLoad - Browser is closed
[INFO ] 2025-06-28 04:08:57.286 [main] LoggerLoad - Browser is closed
[INFO ] 2025-06-28 04:09:02.006 [main] LoggerLoad - Browser is closed
[INFO ] 2025-06-28 04:15:33.070 [main] LoggerLoad - Browser is closed
[INFO ] 2025-06-28 04:15:36.816 [main] LoggerLoad - Browser is closed
[INFO ] 2025-06-28 04:15:39.980 [main] LoggerLoad - Browser is closed
[INFO ] 2025-06-28 04:15:43.105 [main] LoggerLoad - Browser is closed
[INFO ] 2025-06-28 04:16:14.089 [main] LoggerLoad - Browser is closed
[INFO ] 2025-06-28 04:16:17.919 [main] LoggerLoad - Browser is closed
[INFO ] 2025-06-28 04:16:20.734 [main] LoggerLoad - Browser is closed
[INFO ] 2025-06-28 04:16:23.914 [main] LoggerLoad - Browser is closed
[INFO ] 2025-06-28 04:16:26.819 [main] LoggerLoad - Browser is closed
[INFO ] 2025-06-28 04:16:29.830 [main] LoggerLoad - Browser is closed
[INFO ] 2025-06-28 04:16:33.656 [main] LoggerLoad - Browser is closed
[INFO ] 2025-06-28 04:16:37.792 [main] LoggerLoad - Browser is closed
[INFO ] 2025-06-28 04:16:40.718 [main] LoggerLoad - Browser is closed
[INFO ] 2025-06-28 04:16:43.836 [main] LoggerLoad - Browser is closed
[INFO ] 2025-06-28 04:17:38.176 [main] Utils - [TestNG] Running:
  C:\Users\ems11\OneDrive\Desktop\Team01_Sweet Debugger\Team01_SweetDebugger\testng.xml

[INFO ] 2025-06-28 04:17:38.211 [main] LoggerLoad - firefox is Running
[INFO ] 2025-06-28 04:18:43.096 [TestNG-PoolService-7] LoggerLoad - Browser is closed
[INFO ] 2025-06-28 04:18:43.328 [TestNG-PoolService-1] LoggerLoad - Browser is closed
[INFO ] 2025-06-28 04:18:43.582 [TestNG-PoolService-6] LoggerLoad - Browser is closed
[INFO ] 2025-06-28 04:18:43.582 [TestNG-PoolService-3] LoggerLoad - Browser is closed
[INFO ] 2025-06-28 04:18:43.589 [TestNG-PoolService-4] LoggerLoad - Browser is closed
[INFO ] 2025-06-28 04:18:43.627 [TestNG-PoolService-9] LoggerLoad - Browser is closed
[INFO ] 2025-06-28 04:18:43.645 [TestNG-PoolService-5] LoggerLoad - Browser is closed
[INFO ] 2025-06-28 04:18:43.883 [TestNG-PoolService-8] LoggerLoad - Browser is closed
[INFO ] 2025-06-28 04:18:44.696 [TestNG-PoolService-10] LoggerLoad - Browser is closed
[INFO ] 2025-06-28 04:18:44.888 [TestNG-PoolService-2] LoggerLoad - Browser is closed
[INFO ] 2025-06-28 04:18:45.335 [main] LoggerLoad - edge is Running
[INFO ] 2025-06-28 04:19:15.075 [TestNG-PoolService-4] LoggerLoad - Browser is closed
[INFO ] 2025-06-28 04:19:15.374 [TestNG-PoolService-8] LoggerLoad - Browser is closed
[INFO ] 2025-06-28 04:19:17.692 [TestNG-PoolService-10] LoggerLoad - Browser is closed
[INFO ] 2025-06-28 04:19:17.708 [TestNG-PoolService-5] LoggerLoad - Browser is closed
[INFO ] 2025-06-28 04:19:17.797 [TestNG-PoolService-9] LoggerLoad - Browser is closed
[INFO ] 2025-06-28 04:19:17.959 [TestNG-PoolService-7] LoggerLoad - Browser is closed
[INFO ] 2025-06-28 04:19:17.971 [TestNG-PoolService-3] LoggerLoad - Browser is closed
[INFO ] 2025-06-28 04:19:18.190 [TestNG-PoolService-6] LoggerLoad - Browser is closed
[INFO ] 2025-06-28 04:19:18.424 [TestNG-PoolService-2] LoggerLoad - Browser is closed
[INFO ] 2025-06-28 04:19:18.589 [TestNG-PoolService-1] LoggerLoad - Browser is closed
[INFO ] 2025-06-28 04:19:18.654 [main] LoggerLoad - chrome is Running
[INFO ] 2025-06-28 04:19:42.201 [TestNG-PoolService-9] LoggerLoad - Browser is closed
[INFO ] 2025-06-28 04:19:42.544 [TestNG-PoolService-1] LoggerLoad - Browser is closed
[INFO ] 2025-06-28 04:19:42.593 [TestNG-PoolService-8] LoggerLoad - Browser is closed
[INFO ] 2025-06-28 04:19:42.599 [TestNG-PoolService-3] LoggerLoad - Browser is closed
[INFO ] 2025-06-28 04:19:42.611 [TestNG-PoolService-2] LoggerLoad - Browser is closed
[INFO ] 2025-06-28 04:19:42.637 [TestNG-PoolService-4] LoggerLoad - Browser is closed
[INFO ] 2025-06-28 04:19:42.671 [TestNG-PoolService-7] LoggerLoad - Browser is closed
[INFO ] 2025-06-28 04:19:42.678 [TestNG-PoolService-10] LoggerLoad - Browser is closed
[INFO ] 2025-06-28 04:19:42.709 [TestNG-PoolService-6] LoggerLoad - Browser is closed
[INFO ] 2025-06-28 04:19:42.840 [TestNG-PoolService-5] LoggerLoad - Browser is closed
[INFO ] 2025-06-28 04:45:10.645 [main] Utils - [TestNG] Running:
  C:\Users\ems11\OneDrive\Desktop\Team01_Sweet Debugger\Team01_SweetDebugger\testng.xml

[INFO ] 2025-06-28 04:45:10.678 [main] LoggerLoad - firefox is Running
[INFO ] 2025-06-28 04:45:50.760 [TestNG-PoolService-10] LoggerLoad - Browser is closed
[INFO ] 2025-06-28 04:45:55.427 [TestNG-PoolService-7] LoggerLoad - Browser is closed
[INFO ] 2025-06-28 04:45:55.537 [TestNG-PoolService-8] LoggerLoad - Browser is closed
[INFO ] 2025-06-28 04:45:55.772 [TestNG-PoolService-1] LoggerLoad - Browser is closed
[INFO ] 2025-06-28 04:45:59.102 [TestNG-PoolService-6] LoggerLoad - Browser is closed
[INFO ] 2025-06-28 04:46:01.495 [TestNG-PoolService-9] LoggerLoad - Browser is closed
[INFO ] 2025-06-28 04:46:01.698 [TestNG-PoolService-5] LoggerLoad - Browser is closed
[INFO ] 2025-06-28 04:46:02.174 [TestNG-PoolService-2] LoggerLoad - Browser is closed
[INFO ] 2025-06-28 04:46:03.488 [TestNG-PoolService-4] LoggerLoad - Browser is closed
[INFO ] 2025-06-28 04:46:03.733 [TestNG-PoolService-3] LoggerLoad - Browser is closed
[INFO ] 2025-06-28 04:46:04.267 [main] LoggerLoad - edge is Running
[INFO ] 2025-06-28 04:46:28.955 [TestNG-PoolService-5] LoggerLoad - Browser is closed
[INFO ] 2025-06-28 04:46:31.143 [TestNG-PoolService-8] LoggerLoad - Browser is closed
[INFO ] 2025-06-28 04:46:32.342 [TestNG-PoolService-6] LoggerLoad - Browser is closed
[INFO ] 2025-06-28 04:46:32.359 [TestNG-PoolService-4] LoggerLoad - Browser is closed
[INFO ] 2025-06-28 04:46:32.389 [TestNG-PoolService-9] LoggerLoad - Browser is closed
[INFO ] 2025-06-28 04:46:32.447 [TestNG-PoolService-1] LoggerLoad - Browser is closed
[INFO ] 2025-06-28 04:46:32.447 [TestNG-PoolService-10] LoggerLoad - Browser is closed
[INFO ] 2025-06-28 04:46:32.449 [TestNG-PoolService-2] LoggerLoad - Browser is closed
[INFO ] 2025-06-28 04:46:32.486 [TestNG-PoolService-7] LoggerLoad - Browser is closed
[INFO ] 2025-06-28 04:46:32.633 [TestNG-PoolService-3] LoggerLoad - Browser is closed
[INFO ] 2025-06-28 04:46:32.727 [main] LoggerLoad - chrome is Running
[INFO ] 2025-06-28 04:46:53.863 [TestNG-PoolService-4] LoggerLoad - Browser is closed
[INFO ] 2025-06-28 04:46:53.961 [TestNG-PoolService-5] LoggerLoad - Browser is closed
[INFO ] 2025-06-28 04:46:53.993 [TestNG-PoolService-2] LoggerLoad - Browser is closed
[INFO ] 2025-06-28 04:46:54.045 [TestNG-PoolService-8] LoggerLoad - Browser is closed
[INFO ] 2025-06-28 04:46:54.080 [TestNG-PoolService-7] LoggerLoad - Browser is closed
[INFO ] 2025-06-28 04:46:54.125 [TestNG-PoolService-6] LoggerLoad - Browser is closed
[INFO ] 2025-06-28 04:46:54.125 [TestNG-PoolService-9] LoggerLoad - Browser is closed
[INFO ] 2025-06-28 04:46:54.170 [TestNG-PoolService-10] LoggerLoad - Browser is closed
[INFO ] 2025-06-28 04:46:54.231 [TestNG-PoolService-1] LoggerLoad - Browser is closed
[INFO ] 2025-06-28 04:46:54.300 [TestNG-PoolService-3] LoggerLoad - Browser is closed
[INFO ] 2025-06-28 10:39:54.125 [main] LoggerLoad - Browser is closed
[INFO ] 2025-06-28 10:45:48.599 [main] LoggerLoad - Browser is closed
[INFO ] 2025-06-28 11:02:46.171 [main] LoggerLoad - Screenshot saved to: C:\Users\ems11\OneDrive\Desktop\Team01_Sweet Debugger\Team01_SweetDebugger\screenshots\Verify email input accepts valid existing email.png
[INFO ] 2025-06-28 11:02:46.420 [main] LoggerLoad - Screenshot captured for failed scenario: Verify email input accepts valid existing email
[INFO ] 2025-06-28 11:02:46.683 [main] LoggerLoad - Browser is closed
[INFO ] 2025-06-28 11:03:34.341 [main] LoggerLoad - Screenshot saved to: C:\Users\ems11\OneDrive\Desktop\Team01_Sweet Debugger\Team01_SweetDebugger\screenshots\Verify email input accepts valid existing email.png
[INFO ] 2025-06-28 11:03:34.580 [main] LoggerLoad - Screenshot captured for failed scenario: Verify email input accepts valid existing email
[INFO ] 2025-06-28 11:03:34.777 [main] LoggerLoad - Browser is closed
[INFO ] 2025-06-28 11:06:16.065 [main] LoggerLoad - Screenshot saved to: C:\Users\ems11\OneDrive\Desktop\Team01_Sweet Debugger\Team01_SweetDebugger\screenshots\Verify email input accepts valid existing email.png
[INFO ] 2025-06-28 11:06:16.308 [main] LoggerLoad - Screenshot captured for failed scenario: Verify email input accepts valid existing email
[INFO ] 2025-06-28 11:06:16.480 [main] LoggerLoad - Browser is closed
[INFO ] 2025-06-28 11:07:54.968 [main] LoggerLoad - Screenshot saved to: C:\Users\ems11\OneDrive\Desktop\Team01_Sweet Debugger\Team01_SweetDebugger\screenshots\Verify email input accepts valid existing email.png
[INFO ] 2025-06-28 11:07:55.234 [main] LoggerLoad - Screenshot captured for failed scenario: Verify email input accepts valid existing email
[INFO ] 2025-06-28 11:07:55.440 [main] LoggerLoad - Browser is closed
[INFO ] 2025-06-28 11:12:16.427 [main] LoggerLoad - Screenshot saved to: C:\Users\ems11\OneDrive\Desktop\Team01_Sweet Debugger\Team01_SweetDebugger\screenshots\Verify email input accepts valid existing email.png
[INFO ] 2025-06-28 11:12:16.659 [main] LoggerLoad - Screenshot captured for failed scenario: Verify email input accepts valid existing email
[INFO ] 2025-06-28 11:12:16.903 [main] LoggerLoad - Browser is closed
[INFO ] 2025-06-28 11:15:01.105 [main] LoggerLoad - Screenshot saved to: C:\Users\ems11\OneDrive\Desktop\Team01_Sweet Debugger\Team01_SweetDebugger\screenshots\Verify email input accepts valid existing email.png
[INFO ] 2025-06-28 11:15:01.337 [main] LoggerLoad - Screenshot captured for failed scenario: Verify email input accepts valid existing email
[INFO ] 2025-06-28 11:15:01.543 [main] LoggerLoad - Browser is closed
[INFO ] 2025-06-28 11:16:36.709 [main] LoggerLoad - Screenshot saved to: C:\Users\ems11\OneDrive\Desktop\Team01_Sweet Debugger\Team01_SweetDebugger\screenshots\Verify email input accepts valid existing email.png
[INFO ] 2025-06-28 11:16:36.989 [main] LoggerLoad - Screenshot captured for failed scenario: Verify email input accepts valid existing email
[INFO ] 2025-06-28 11:16:37.228 [main] LoggerLoad - Browser is closed
[INFO ] 2025-06-28 11:18:18.158 [main] LoggerLoad - Screenshot saved to: C:\Users\ems11\OneDrive\Desktop\Team01_Sweet Debugger\Team01_SweetDebugger\screenshots\Verify email input accepts valid existing email.png
[INFO ] 2025-06-28 11:18:18.411 [main] LoggerLoad - Screenshot captured for failed scenario: Verify email input accepts valid existing email
[INFO ] 2025-06-28 11:18:18.604 [main] LoggerLoad - Browser is closed
[INFO ] 2025-06-28 11:21:35.940 [main] LoggerLoad - Screenshot saved to: C:\Users\ems11\OneDrive\Desktop\Team01_Sweet Debugger\Team01_SweetDebugger\screenshots\Verify email input accepts valid existing email.png
[INFO ] 2025-06-28 11:21:36.181 [main] LoggerLoad - Screenshot captured for failed scenario: Verify email input accepts valid existing email
[INFO ] 2025-06-28 11:21:36.376 [main] LoggerLoad - Browser is closed
[INFO ] 2025-06-28 11:23:39.922 [main] LoggerLoad - Screenshot saved to: C:\Users\ems11\OneDrive\Desktop\Team01_Sweet Debugger\Team01_SweetDebugger\screenshots\Verify email input accepts valid existing email.png
[INFO ] 2025-06-28 11:23:40.156 [main] LoggerLoad - Screenshot captured for failed scenario: Verify email input accepts valid existing email
[INFO ] 2025-06-28 11:23:40.373 [main] LoggerLoad - Browser is closed
[INFO ] 2025-06-28 11:25:17.702 [main] LoggerLoad - Screenshot saved to: C:\Users\ems11\OneDrive\Desktop\Team01_Sweet Debugger\Team01_SweetDebugger\screenshots\Verify email input accepts valid existing email.png
[INFO ] 2025-06-28 11:25:17.942 [main] LoggerLoad - Screenshot captured for failed scenario: Verify email input accepts valid existing email
[INFO ] 2025-06-28 11:25:18.130 [main] LoggerLoad - Browser is closed
[INFO ] 2025-06-28 11:28:32.795 [main] LoggerLoad - Browser is closed
[INFO ] 2025-06-28 11:33:53.398 [main] LoggerLoad - Screenshot saved to: C:\Users\ems11\OneDrive\Desktop\Team01_Sweet Debugger\Team01_SweetDebugger\screenshots\Verify email input accepts valid existing email.png
[INFO ] 2025-06-28 11:33:53.632 [main] LoggerLoad - Screenshot captured for failed scenario: Verify email input accepts valid existing email
[INFO ] 2025-06-28 11:33:53.836 [main] LoggerLoad - Browser is closed
[INFO ] 2025-06-28 11:35:14.818 [main] LoggerLoad - Screenshot saved to: C:\Users\ems11\OneDrive\Desktop\Team01_Sweet Debugger\Team01_SweetDebugger\screenshots\Verify email input accepts valid existing email.png
[INFO ] 2025-06-28 11:35:15.069 [main] LoggerLoad - Screenshot captured for failed scenario: Verify email input accepts valid existing email
[INFO ] 2025-06-28 11:35:15.232 [main] LoggerLoad - Browser is closed
[INFO ] 2025-06-28 11:36:29.950 [main] LoggerLoad - Screenshot saved to: C:\Users\ems11\OneDrive\Desktop\Team01_Sweet Debugger\Team01_SweetDebugger\screenshots\Verify email input accepts valid existing email.png
[INFO ] 2025-06-28 11:36:30.197 [main] LoggerLoad - Screenshot captured for failed scenario: Verify email input accepts valid existing email
[INFO ] 2025-06-28 11:36:30.383 [main] LoggerLoad - Browser is closed
[INFO ] 2025-06-28 11:37:57.599 [main] LoggerLoad - Browser is closed
[INFO ] 2025-06-28 11:41:19.665 [main] LoggerLoad - Browser is closed
[INFO ] 2025-06-28 11:42:01.835 [main] LoggerLoad - Browser is closed
[INFO ] 2025-06-28 11:45:21.093 [main] LoggerLoad - Browser is closed
[INFO ] 2025-06-28 11:56:53.353 [main] LoggerLoad - Browser is closed
[INFO ] 2025-06-28 12:13:26.707 [main] LoggerLoad - Browser is closed
[INFO ] 2025-06-28 12:13:30.453 [main] LoggerLoad - Browser is closed
[INFO ] 2025-06-28 12:17:17.506 [main] LoggerLoad - Browser is closed
[INFO ] 2025-06-28 12:17:21.082 [main] LoggerLoad - Browser is closed
[INFO ] 2025-06-28 12:20:42.807 [main] LoggerLoad - Browser is closed
[INFO ] 2025-06-28 12:20:57.808 [main] LoggerLoad - Screenshot saved to: C:\Users\ems11\OneDrive\Desktop\Team01_Sweet Debugger\Team01_SweetDebugger\screenshots\Verify enters an invalid email.png
[INFO ] 2025-06-28 12:20:58.202 [main] LoggerLoad - Screenshot captured for failed scenario: Verify enters an invalid email
[INFO ] 2025-06-28 12:20:58.203 [main] LoggerLoad - Browser is closed
[INFO ] 2025-06-28 12:25:01.033 [main] LoggerLoad - Browser is closed
[INFO ] 2025-06-28 12:25:04.674 [main] LoggerLoad - Browser is closed
[INFO ] 2025-06-28 12:46:14.406 [main] LoggerLoad - Browser is closed
[INFO ] 2025-06-28 12:46:16.891 [main] LoggerLoad - Browser is closed
[INFO ] 2025-06-28 12:46:19.734 [main] LoggerLoad - Browser is closed
[INFO ] 2025-06-28 12:46:22.609 [main] LoggerLoad - Browser is closed
[INFO ] 2025-06-28 12:46:26.895 [main] LoggerLoad - Browser is closed
[INFO ] 2025-06-28 12:46:31.815 [main] LoggerLoad - Browser is closed
[INFO ] 2025-06-28 12:46:36.673 [main] LoggerLoad - Browser is closed
[INFO ] 2025-06-28 12:52:05.700 [main] LoggerLoad - Screenshot saved to: C:\Users\ems11\OneDrive\Desktop\Team01_Sweet Debugger\Team01_SweetDebugger\screenshots\Verify _Scenario_.png
[INFO ] 2025-06-28 12:52:06.218 [main] LoggerLoad - Screenshot captured for failed scenario: Verify <Scenario>
[INFO ] 2025-06-28 12:52:06.218 [main] LoggerLoad - Browser is closed
[INFO ] 2025-06-28 12:54:07.698 [main] LoggerLoad - Screenshot saved to: C:\Users\ems11\OneDrive\Desktop\Team01_Sweet Debugger\Team01_SweetDebugger\screenshots\Verify _Scenario_.png
[INFO ] 2025-06-28 12:54:07.892 [main] LoggerLoad - Screenshot captured for failed scenario: Verify <Scenario>
[INFO ] 2025-06-28 12:54:07.892 [main] LoggerLoad - Browser is closed
[INFO ] 2025-06-28 12:58:42.187 [main] LoggerLoad - Screenshot saved to: C:\Users\ems11\OneDrive\Desktop\Team01_Sweet Debugger\Team01_SweetDebugger\screenshots\Verify _Scenario_.png
[INFO ] 2025-06-28 12:58:42.462 [main] LoggerLoad - Screenshot captured for failed scenario: Verify <Scenario>
[INFO ] 2025-06-28 12:58:42.462 [main] LoggerLoad - Browser is closed
[INFO ] 2025-06-28 12:59:26.615 [main] LoggerLoad - Browser is closed
[INFO ] 2025-06-28 12:59:30.809 [main] LoggerLoad - Screenshot saved to: C:\Users\ems11\OneDrive\Desktop\Team01_Sweet Debugger\Team01_SweetDebugger\screenshots\Verify _Scenario_.png
[INFO ] 2025-06-28 12:59:31.289 [main] LoggerLoad - Screenshot captured for failed scenario: Verify <Scenario>
[INFO ] 2025-06-28 12:59:31.291 [main] LoggerLoad - Browser is closed
[INFO ] 2025-06-28 13:00:48.133 [main] LoggerLoad - Browser is closed
[INFO ] 2025-06-28 13:08:40.037 [main] LoggerLoad - Browser is closed
[INFO ] 2025-06-28 13:14:51.656 [main] LoggerLoad - Browser is closed
[INFO ] 2025-06-28 13:14:54.935 [main] LoggerLoad - Browser is closed
[INFO ] 2025-06-28 13:21:52.728 [main] LoggerLoad - Browser is closed
[INFO ] 2025-06-28 13:22:00.252 [main] LoggerLoad - Browser is closed
[INFO ] 2025-06-28 13:22:07.406 [main] LoggerLoad - Browser is closed
[INFO ] 2025-06-28 13:29:16.328 [main] LoggerLoad - Browser is closed
[INFO ] 2025-06-28 13:42:58.094 [main] LoggerLoad - Browser is closed
[INFO ] 2025-06-28 13:46:34.421 [main] LoggerLoad - Browser is closed
[INFO ] 2025-06-28 13:52:51.889 [main] LoggerLoad - Browser is closed
[INFO ] 2025-06-28 13:52:54.464 [main] LoggerLoad - Browser is closed
[INFO ] 2025-06-28 13:56:36.947 [main] LoggerLoad - Browser is closed
[INFO ] 2025-06-28 13:56:40.648 [main] LoggerLoad - Browser is closed
[INFO ] 2025-06-28 14:15:59.221 [main] LoggerLoad - Browser is closed
[INFO ] 2025-06-28 14:16:02.912 [main] LoggerLoad - Browser is closed
[INFO ] 2025-06-28 14:16:05.953 [main] LoggerLoad - Browser is closed
[INFO ] 2025-06-28 14:20:59.917 [main] LoggerLoad - Browser is closed
[INFO ] 2025-06-28 14:21:03.965 [main] LoggerLoad - Browser is closed
[INFO ] 2025-06-28 14:21:17.439 [main] LoggerLoad - Screenshot saved to: C:\Users\ems11\OneDrive\Desktop\Team01_Sweet Debugger\Team01_SweetDebugger\screenshots\Verify password input accepts valid existing user.png
[INFO ] 2025-06-28 14:21:17.801 [main] LoggerLoad - Screenshot captured for failed scenario: Verify password input accepts valid existing user
[INFO ] 2025-06-28 14:21:18.640 [main] LoggerLoad - Browser is closed
[INFO ] 2025-06-28 14:22:42.060 [main] LoggerLoad - Browser is closed
[INFO ] 2025-06-28 14:22:45.303 [main] LoggerLoad - Browser is closed
[INFO ] 2025-06-28 14:22:48.907 [main] LoggerLoad - Browser is closed
[INFO ] 2025-06-28 14:31:12.784 [main] LoggerLoad - Browser is closed
[INFO ] 2025-06-28 14:31:16.219 [main] LoggerLoad - Browser is closed
[INFO ] 2025-06-28 14:31:29.731 [main] LoggerLoad - Screenshot saved to: C:\Users\ems11\OneDrive\Desktop\Team01_Sweet Debugger\Team01_SweetDebugger\screenshots\Verify password input accepts valid existing user.png
[INFO ] 2025-06-28 14:31:29.993 [main] LoggerLoad - Screenshot captured for failed scenario: Verify password input accepts valid existing user
[INFO ] 2025-06-28 14:31:31.709 [main] LoggerLoad - Browser is closed
[INFO ] 2025-06-28 14:32:45.716 [main] LoggerLoad - Browser is closed
[INFO ] 2025-06-28 14:32:48.959 [main] LoggerLoad - Browser is closed
[INFO ] 2025-06-28 14:33:03.253 [main] LoggerLoad - Screenshot saved to: C:\Users\ems11\OneDrive\Desktop\Team01_Sweet Debugger\Team01_SweetDebugger\screenshots\Verify password input accepts valid existing user.png
[INFO ] 2025-06-28 14:33:03.906 [main] LoggerLoad - Screenshot captured for failed scenario: Verify password input accepts valid existing user
[INFO ] 2025-06-28 14:33:04.183 [main] LoggerLoad - Browser is closed
[INFO ] 2025-06-28 14:34:38.661 [main] LoggerLoad - Browser is closed
[INFO ] 2025-06-28 14:34:44.412 [main] LoggerLoad - Browser is closed
[INFO ] 2025-06-28 14:34:49.655 [main] LoggerLoad - Browser is closed
[INFO ] 2025-06-28 14:39:03.558 [main] Utils - [TestNG] Running:
  C:\Users\ems11\OneDrive\Desktop\Team01_Sweet Debugger\Team01_SweetDebugger\testng.xml

[INFO ] 2025-06-28 14:39:03.594 [main] LoggerLoad - firefox is Running
[INFO ] 2025-06-28 14:40:41.909 [TestNG-PoolService-4] LoggerLoad - Browser is closed
[INFO ] 2025-06-28 14:40:50.638 [TestNG-PoolService-5] LoggerLoad - Browser is closed
[INFO ] 2025-06-28 14:40:51.822 [TestNG-PoolService-9] LoggerLoad - Browser is closed
[INFO ] 2025-06-28 14:40:51.880 [TestNG-PoolService-10] LoggerLoad - Browser is closed
[INFO ] 2025-06-28 14:41:01.529 [TestNG-PoolService-2] LoggerLoad - Browser is closed
[INFO ] 2025-06-28 14:41:03.570 [TestNG-PoolService-7] LoggerLoad - Browser is closed
[INFO ] 2025-06-28 14:41:04.223 [TestNG-PoolService-1] LoggerLoad - Browser is closed
[INFO ] 2025-06-28 14:41:16.176 [TestNG-PoolService-8] LoggerLoad - Browser is closed
[INFO ] 2025-06-28 14:41:33.956 [TestNG-PoolService-3] LoggerLoad - Browser is closed
[INFO ] 2025-06-28 14:41:49.618 [TestNG-PoolService-6] LoggerLoad - Browser is closed
[INFO ] 2025-06-28 14:42:21.831 [TestNG-PoolService-1] LoggerLoad - Browser is closed
[INFO ] 2025-06-28 14:42:30.623 [TestNG-PoolService-8] LoggerLoad - Screenshot saved to: C:\Users\ems11\OneDrive\Desktop\Team01_Sweet Debugger\Team01_SweetDebugger\screenshots\Verify Continue with Email is enabled.png
[INFO ] 2025-06-28 14:42:30.793 [TestNG-PoolService-8] LoggerLoad - Screenshot captured for failed scenario: Verify Continue with Email is enabled
[INFO ] 2025-06-28 14:42:47.937 [TestNG-PoolService-4] LoggerLoad - Browser is closed
[INFO ] 2025-06-28 14:42:52.016 [TestNG-PoolService-10] LoggerLoad - Browser is closed
[INFO ] 2025-06-28 14:43:01.389 [TestNG-PoolService-8] LoggerLoad - Browser is closed
[INFO ] 2025-06-28 14:43:06.453 [TestNG-PoolService-5] LoggerLoad - Browser is closed
[INFO ] 2025-06-28 14:43:07.499 [TestNG-PoolService-9] LoggerLoad - Browser is closed
[INFO ] 2025-06-28 14:43:08.143 [TestNG-PoolService-2] LoggerLoad - Browser is closed
[INFO ] 2025-06-28 14:43:08.148 [TestNG-PoolService-7] LoggerLoad - Browser is closed
[INFO ] 2025-06-28 14:43:08.831 [main] LoggerLoad - edge is Running
[INFO ] 2025-06-28 14:43:52.837 [TestNG-PoolService-4] LoggerLoad - Screenshot saved to: C:\Users\ems11\OneDrive\Desktop\Team01_Sweet Debugger\Team01_SweetDebugger\screenshots\Verify password field in login page.png
[INFO ] 2025-06-28 14:43:54.243 [TestNG-PoolService-4] LoggerLoad - Screenshot captured for failed scenario: Verify password field in login page
[INFO ] 2025-06-28 14:44:01.306 [TestNG-PoolService-6] LoggerLoad - Browser is closed
[INFO ] 2025-06-28 14:44:01.599 [TestNG-PoolService-3] LoggerLoad - Browser is closed
[INFO ] 2025-06-28 14:44:01.987 [TestNG-PoolService-10] LoggerLoad - Browser is closed
[INFO ] 2025-06-28 14:44:02.540 [TestNG-PoolService-7] LoggerLoad - Browser is closed
[INFO ] 2025-06-28 14:44:03.110 [TestNG-PoolService-5] LoggerLoad - Browser is closed
[INFO ] 2025-06-28 14:44:03.618 [TestNG-PoolService-8] LoggerLoad - Browser is closed
[INFO ] 2025-06-28 14:44:03.623 [TestNG-PoolService-1] LoggerLoad - Browser is closed
[INFO ] 2025-06-28 14:44:03.626 [TestNG-PoolService-2] LoggerLoad - Browser is closed
[INFO ] 2025-06-28 14:44:04.128 [TestNG-PoolService-4] LoggerLoad - Browser is closed
[INFO ] 2025-06-28 14:44:13.466 [TestNG-PoolService-9] LoggerLoad - Browser is closed
[INFO ] 2025-06-28 14:44:38.421 [TestNG-PoolService-6] LoggerLoad - Browser is closed
[INFO ] 2025-06-28 14:44:38.460 [TestNG-PoolService-10] LoggerLoad - Browser is closed
[INFO ] 2025-06-28 14:44:38.518 [TestNG-PoolService-2] LoggerLoad - Browser is closed
[INFO ] 2025-06-28 14:44:38.519 [TestNG-PoolService-5] LoggerLoad - Browser is closed
[INFO ] 2025-06-28 14:44:38.522 [TestNG-PoolService-3] LoggerLoad - Browser is closed
[INFO ] 2025-06-28 14:44:38.547 [TestNG-PoolService-1] LoggerLoad - Browser is closed
[INFO ] 2025-06-28 14:44:38.662 [TestNG-PoolService-8] LoggerLoad - Browser is closed
[INFO ] 2025-06-28 14:44:38.729 [TestNG-PoolService-7] LoggerLoad - Browser is closed
[INFO ] 2025-06-28 14:44:38.901 [main] LoggerLoad - chrome is Running
[INFO ] 2025-06-28 14:45:17.680 [TestNG-PoolService-9] LoggerLoad - Browser is closed
[INFO ] 2025-06-28 14:45:17.717 [TestNG-PoolService-3] LoggerLoad - Browser is closed
[INFO ] 2025-06-28 14:45:17.935 [TestNG-PoolService-5] LoggerLoad - Browser is closed
[INFO ] 2025-06-28 14:45:18.115 [TestNG-PoolService-2] LoggerLoad - Browser is closed
[INFO ] 2025-06-28 14:45:18.466 [TestNG-PoolService-8] LoggerLoad - Browser is closed
[INFO ] 2025-06-28 14:45:18.933 [TestNG-PoolService-4] LoggerLoad - Browser is closed
[INFO ] 2025-06-28 14:45:19.423 [TestNG-PoolService-1] LoggerLoad - Browser is closed
[INFO ] 2025-06-28 14:45:20.138 [TestNG-PoolService-6] LoggerLoad - Browser is closed
[INFO ] 2025-06-28 14:45:20.148 [TestNG-PoolService-10] LoggerLoad - Browser is closed
[INFO ] 2025-06-28 14:45:20.164 [TestNG-PoolService-7] LoggerLoad - Browser is closed
[INFO ] 2025-06-28 14:45:40.298 [TestNG-PoolService-5] LoggerLoad - Browser is closed
[INFO ] 2025-06-28 14:45:40.461 [TestNG-PoolService-1] LoggerLoad - Browser is closed
[INFO ] 2025-06-28 14:45:40.524 [TestNG-PoolService-4] LoggerLoad - Browser is closed
[INFO ] 2025-06-28 14:45:40.562 [TestNG-PoolService-3] LoggerLoad - Browser is closed
[INFO ] 2025-06-28 14:45:40.611 [TestNG-PoolService-8] LoggerLoad - Browser is closed
[INFO ] 2025-06-28 14:45:40.627 [TestNG-PoolService-9] LoggerLoad - Browser is closed
[INFO ] 2025-06-28 14:45:40.643 [TestNG-PoolService-2] LoggerLoad - Browser is closed
[INFO ] 2025-06-28 14:45:40.837 [TestNG-PoolService-6] LoggerLoad - Browser is closed
